<?xml version="1.0" encoding="UTF-8"?>
<!-- Generated by org.testng.reporters.JUnitReportReporter -->
<testsuite hostname="SAI" name="com.yahoo.AllInboxTestCases" tests="2" failures="0" timestamp="30 Oct 2016 22:01:12 GMT" time="13.660" errors="0">
  <testcase name="testVerifySearchKeywordsAndUrl" time="4.803" classname="com.yahoo.AllInboxTestCases"/>
  <testcase name="testVerifySearchKeywordsAndUrl" time="8.857" classname="com.yahoo.AllInboxTestCases"/>
</testsuite> <!-- com.yahoo.AllInboxTestCases -->
