<?xml version="1.0" encoding="UTF-8"?>
<!-- Generated by org.testng.reporters.JUnitReportReporter -->
<testsuite hostname="SAI" name="com.yahoo.test.AllInboxTestCases" tests="2" failures="0" timestamp="30 Oct 2016 22:05:13 GMT" time="12.968" errors="0">
  <testcase name="testVerifySearchKeywordsAndUrl" time="4.127" classname="com.yahoo.test.AllInboxTestCases"/>
  <testcase name="testVerifySearchKeywordsAndUrl" time="8.841" classname="com.yahoo.test.AllInboxTestCases"/>
</testsuite> <!-- com.yahoo.test.AllInboxTestCases -->
